<?xml version="1.0" encoding="UTF-8"?>
<!-- Generated by org.testng.reporters.JUnitReportReporter -->
<testsuite skipped="0" hostname="LAPTOP-62TB55UM" name="Academy.SeleniumeTest" tests="1" failures="0" timestamp="13 May 2021 14:08:42 GMT" time="0.000" errors="0">
  <testcase name="BrowserAutomation" time="0.000" classname="Academy.SeleniumeTest"/>
</testsuite> <!-- Academy.SeleniumeTest -->
