<?xml version="1.0" encoding="UTF-8"?>
<!-- Generated by org.testng.reporters.JUnitReportReporter -->
<testsuite skipped="0" hostname="LAPTOP-62TB55UM" name="Academy.AppiumTest" tests="1" failures="0" timestamp="13 May 2021 14:08:42 GMT" time="0.006" errors="0">
  <testcase name="NativeAppandroid" time="0.006" classname="Academy.AppiumTest"/>
</testsuite> <!-- Academy.AppiumTest -->
